<?xml version="1.0" encoding="UTF-8"?>
<!-- Generated by org.testng.reporters.JUnitXMLReporter -->
<testsuite hostname="SujataLp01" ignored="0" name="Default test" tests="6" failures="0" timestamp="2021-12-02T12:46:59 IST" time="11.313" errors="0">
  <testcase name="checkBookIdNegative" time="3.068" classname="com.sujata.test.MyFirstRestAssuredProject"/>
  <testcase name="checkBookIdPositive" time="1.294" classname="com.sujata.test.MyFirstRestAssuredProject"/>
  <testcase name="checkForList" time="1.26" classname="com.sujata.test.MyFirstRestAssuredProject"/>
  <testcase name="checkingForStatusTestCase" time="1.344" classname="com.sujata.test.MyFirstRestAssuredProject"/>
  <testcase name="createOrderCheck" time="2.534" classname="com.sujata.test.MyFirstRestAssuredProject"/>
  <testcase name="demoTest" time="1.756" classname="com.sujata.test.MyFirstRestAssuredProject"/>
</testsuite> <!-- Default test -->
