<?xml version="1.0" encoding="UTF-8"?>
<testng-results skipped="0" failed="0" ignored="0" total="6" passed="6">
  <reporter-output>
  </reporter-output>
  <suite name="Default suite" duration-ms="11313" started-at="2021-12-02T12:46:48 IST" finished-at="2021-12-02T12:46:59 IST">
    <groups>
    </groups>
    <test name="Default test" duration-ms="11313" started-at="2021-12-02T12:46:48 IST" finished-at="2021-12-02T12:46:59 IST">
      <class name="com.sujata.test.MyFirstRestAssuredProject">
        <test-method status="PASS" signature="checkBookIdNegative()[pri:0, instance:com.sujata.test.MyFirstRestAssuredProject@74650e52]" name="checkBookIdNegative" duration-ms="3068" started-at="2021-12-02T12:46:48 IST" finished-at="2021-12-02T12:46:51 IST">
          <reporter-output>
          </reporter-output>
        </test-method> <!-- checkBookIdNegative -->
        <test-method status="PASS" signature="checkBookIdPositive()[pri:0, instance:com.sujata.test.MyFirstRestAssuredProject@74650e52]" name="checkBookIdPositive" duration-ms="1294" started-at="2021-12-02T12:46:51 IST" finished-at="2021-12-02T12:46:52 IST">
          <reporter-output>
          </reporter-output>
        </test-method> <!-- checkBookIdPositive -->
        <test-method status="PASS" signature="checkForList()[pri:0, instance:com.sujata.test.MyFirstRestAssuredProject@74650e52]" name="checkForList" duration-ms="1260" started-at="2021-12-02T12:46:52 IST" finished-at="2021-12-02T12:46:53 IST">
          <reporter-output>
          </reporter-output>
        </test-method> <!-- checkForList -->
        <test-method status="PASS" signature="checkingForStatusTestCase()[pri:0, instance:com.sujata.test.MyFirstRestAssuredProject@74650e52]" name="checkingForStatusTestCase" duration-ms="1344" started-at="2021-12-02T12:46:53 IST" finished-at="2021-12-02T12:46:55 IST">
          <reporter-output>
          </reporter-output>
        </test-method> <!-- checkingForStatusTestCase -->
        <test-method status="PASS" signature="createOrderCheck()[pri:0, instance:com.sujata.test.MyFirstRestAssuredProject@74650e52]" name="createOrderCheck" duration-ms="2534" started-at="2021-12-02T12:46:55 IST" finished-at="2021-12-02T12:46:57 IST">
          <reporter-output>
          </reporter-output>
        </test-method> <!-- createOrderCheck -->
        <test-method status="PASS" signature="demoTest()[pri:0, instance:com.sujata.test.MyFirstRestAssuredProject@74650e52]" name="demoTest" duration-ms="1756" started-at="2021-12-02T12:46:57 IST" finished-at="2021-12-02T12:46:59 IST">
          <reporter-output>
          </reporter-output>
        </test-method> <!-- demoTest -->
      </class> <!-- com.sujata.test.MyFirstRestAssuredProject -->
    </test> <!-- Default test -->
  </suite> <!-- Default suite -->
</testng-results>
